# JRE version: Java(TM) SE Runtime Environment (8.0_151-b12) (build 1.8.0_151-b12)
# Java VM: Java HotSpot(TM) 64-Bit Server VM (25.151-b12 mixed mode linux-amd64 compressed oops)
Heap:
 PSYoungGen      total 441344K, used 52224K [0x00000000d6e00000, 0x00000000f5180000, 0x0000000100000000)
  eden space 389120K, 0% used [0x00000000d6e00000,0x00000000d6e00000,0x00000000eea00000)
  from space 52224K, 100% used [0x00000000eea00000,0x00000000f1d00000,0x00000000f1d00000)
  to   space 51200K, 0% used [0x00000000f1d00000,0x00000000f1d00000,0x00000000f4f00000)
 ParOldGen       total 242176K, used 192213K [0x0000000084a00000, 0x0000000093680000, 0x00000000d6e00000)
  object space 242176K, 79% used [0x0000000084a00000,0x00000000905b5580,0x0000000093680000)
 Metaspace       used 2682K, capacity 4496K, committed 4864K, reserved 1056768K
  class space    used 283K, capacity 388K, committed 512K, reserved 1048576K
GC Heap History (10 events):
Event: 63.251 GC heap after
Heap after GC invocations=14 (full 2):
 PSYoungGen      total 291328K, used 0K [0x00000000d6e00000, 0x00000000eb800000, 0x0000000100000000)
  eden space 253952K, 0% used [0x00000000d6e00000,0x00000000d6e00000,0x00000000e6600000)
  from space 37376K, 0% used [0x00000000e9380000,0x00000000e9380000,0x00000000eb800000)
  to   space 41984K, 0% used [0x00000000e6600000,0x00000000e6600000,0x00000000e8f00000)
 ParOldGen       total 242176K, used 150173K [0x0000000084a00000, 0x0000000093680000, 0x00000000d6e00000)
  object space 242176K, 62% used [0x0000000084a00000,0x000000008dca7580,0x0000000093680000)
 Metaspace       used 2682K, capacity 4496K, committed 4864K, reserved 1056768K
  class space    used 283K, capacity 388K, committed 512K, reserved 1048576K
}
Event: 68.024 GC heap before
{Heap before GC invocations=15 (full 2):
 PSYoungGen      total 291328K, used 253952K [0x00000000d6e00000, 0x00000000eb800000, 0x0000000100000000)
  eden space 253952K, 100% used [0x00000000d6e00000,0x00000000e6600000,0x00000000e6600000)
  from space 37376K, 0% used [0x00000000e9380000,0x00000000e9380000,0x00000000eb800000)
  to   space 41984K, 0% used [0x00000000e6600000,0x00000000e6600000,0x00000000e8f00000)
 ParOldGen       total 242176K, used 150173K [0x0000000084a00000, 0x0000000093680000, 0x00000000d6e00000)
  object space 242176K, 62% used [0x0000000084a00000,0x000000008dca7580,0x0000000093680000)
 Metaspace       used 2682K, capacity 4496K, committed 4864K, reserved 1056768K
  class space    used 283K, capacity 388K, committed 512K, reserved 1048576K
Event: 68.041 GC heap after
Heap after GC invocations=15 (full 2):
 PSYoungGen      total 295936K, used 15456K [0x00000000d6e00000, 0x00000000efb80000, 0x0000000100000000)
  eden space 253952K, 0% used [0x00000000d6e00000,0x00000000d6e00000,0x00000000e6600000)
  from space 41984K, 36% used [0x00000000e6600000,0x00000000e7518000,0x00000000e8f00000)
  to   space 40960K, 0% used [0x00000000ed380000,0x00000000ed380000,0x00000000efb80000)
 ParOldGen       total 242176K, used 150173K [0x0000000084a00000, 0x0000000093680000, 0x00000000d6e00000)
  object space 242176K, 62% used [0x0000000084a00000,0x000000008dca7580,0x0000000093680000)
 Metaspace       used 2682K, capacity 4496K, committed 4864K, reserved 1056768K
  class space    used 283K, capacity 388K, committed 512K, reserved 1048576K
}
Event: 72.750 GC heap before
{Heap before GC invocations=16 (full 2):
 PSYoungGen      total 295936K, used 269408K [0x00000000d6e00000, 0x00000000efb80000, 0x0000000100000000)
  eden space 253952K, 100% used [0x00000000d6e00000,0x00000000e6600000,0x00000000e6600000)
  from space 41984K, 36% used [0x00000000e6600000,0x00000000e7518000,0x00000000e8f00000)
  to   space 40960K, 0% used [0x00000000ed380000,0x00000000ed380000,0x00000000efb80000)
 ParOldGen       total 242176K, used 150173K [0x0000000084a00000, 0x0000000093680000, 0x00000000d6e00000)
  object space 242176K, 62% used [0x0000000084a00000,0x000000008dca7580,0x0000000093680000)
 Metaspace       used 2682K, capacity 4496K, committed 4864K, reserved 1056768K
  class space    used 283K, capacity 388K, committed 512K, reserved 1048576K
Event: 72.769 GC heap after
Heap after GC invocations=16 (full 2):
 PSYoungGen      total 354816K, used 30752K [0x00000000d6e00000, 0x00000000ef780000, 0x0000000100000000)
  eden space 317952K, 0% used [0x00000000d6e00000,0x00000000d6e00000,0x00000000ea480000)
  from space 36864K, 83% used [0x00000000ed380000,0x00000000ef188000,0x00000000ef780000)
  to   space 42496K, 0% used [0x00000000ea480000,0x00000000ea480000,0x00000000ece00000)
 ParOldGen       total 242176K, used 150173K [0x0000000084a00000, 0x0000000093680000, 0x00000000d6e00000)
  object space 242176K, 62% used [0x0000000084a00000,0x000000008dca7580,0x0000000093680000)
 Metaspace       used 2682K, capacity 4496K, committed 4864K, reserved 1056768K
  class space    used 283K, capacity 388K, committed 512K, reserved 1048576K
}
Event: 78.749 GC heap before
{Heap before GC invocations=17 (full 2):
 PSYoungGen      total 354816K, used 348704K [0x00000000d6e00000, 0x00000000ef780000, 0x0000000100000000)
  eden space 317952K, 100% used [0x00000000d6e00000,0x00000000ea480000,0x00000000ea480000)
  from space 36864K, 83% used [0x00000000ed380000,0x00000000ef188000,0x00000000ef780000)
  to   space 42496K, 0% used [0x00000000ea480000,0x00000000ea480000,0x00000000ece00000)
 ParOldGen       total 242176K, used 150173K [0x0000000084a00000, 0x0000000093680000, 0x00000000d6e00000)
  object space 242176K, 62% used [0x0000000084a00000,0x000000008dca7580,0x0000000093680000)
 Metaspace       used 2682K, capacity 4496K, committed 4864K, reserved 1056768K
  class space    used 283K, capacity 388K, committed 512K, reserved 1048576K
Event: 78.775 GC heap after
Heap after GC invocations=17 (full 2):
 PSYoungGen      total 360448K, used 42496K [0x00000000d6e00000, 0x00000000f4f00000, 0x0000000100000000)
  eden space 317952K, 0% used [0x00000000d6e00000,0x00000000d6e00000,0x00000000ea480000)
  from space 42496K, 100% used [0x00000000ea480000,0x00000000ece00000,0x00000000ece00000)
  to   space 51200K, 0% used [0x00000000f1d00000,0x00000000f1d00000,0x00000000f4f00000)
 ParOldGen       total 242176K, used 158269K [0x0000000084a00000, 0x0000000093680000, 0x00000000d6e00000)
  object space 242176K, 65% used [0x0000000084a00000,0x000000008e48f580,0x0000000093680000)
 Metaspace       used 2682K, capacity 4496K, committed 4864K, reserved 1056768K
  class space    used 283K, capacity 388K, committed 512K, reserved 1048576K
}
Event: 84.631 GC heap before
{Heap before GC invocations=18 (full 2):
 PSYoungGen      total 360448K, used 360448K [0x00000000d6e00000, 0x00000000f4f00000, 0x0000000100000000)
  eden space 317952K, 100% used [0x00000000d6e00000,0x00000000ea480000,0x00000000ea480000)
  from space 42496K, 100% used [0x00000000ea480000,0x00000000ece00000,0x00000000ece00000)
  to   space 51200K, 0% used [0x00000000f1d00000,0x00000000f1d00000,0x00000000f4f00000)
 ParOldGen       total 242176K, used 158269K [0x0000000084a00000, 0x0000000093680000, 0x00000000d6e00000)
  object space 242176K, 65% used [0x0000000084a00000,0x000000008e48f580,0x0000000093680000)
 Metaspace       used 2682K, capacity 4496K, committed 4864K, reserved 1056768K
  class space    used 283K, capacity 388K, committed 512K, reserved 1048576K
Event: 84.713 GC heap after
Heap after GC invocations=18 (full 2):
 PSYoungGen      total 440320K, used 33728K [0x00000000d6e00000, 0x00000000f5180000, 0x0000000100000000)
  eden space 389120K, 0% used [0x00000000d6e00000,0x00000000d6e00000,0x00000000eea00000)
  from space 51200K, 65% used [0x00000000f1d00000,0x00000000f3df0000,0x00000000f4f00000)
  to   space 52224K, 0% used [0x00000000eea00000,0x00000000eea00000,0x00000000f1d00000)
 ParOldGen       total 242176K, used 187101K [0x0000000084a00000, 0x0000000093680000, 0x00000000d6e00000)
  object space 242176K, 77% used [0x0000000084a00000,0x00000000900b7580,0x0000000093680000)
 Metaspace       used 2682K, capacity 4496K, committed 4864K, reserved 1056768K
  class space    used 283K, capacity 388K, committed 512K, reserved 1048576K
}
Event: 91.975 GC heap before
{Heap before GC invocations=19 (full 2):
 PSYoungGen      total 440320K, used 422848K [0x00000000d6e00000, 0x00000000f5180000, 0x0000000100000000)
  eden space 389120K, 100% used [0x00000000d6e00000,0x00000000eea00000,0x00000000eea00000)
  from space 51200K, 65% used [0x00000000f1d00000,0x00000000f3df0000,0x00000000f4f00000)
  to   space 52224K, 0% used [0x00000000eea00000,0x00000000eea00000,0x00000000f1d00000)
 ParOldGen       total 242176K, used 187101K [0x0000000084a00000, 0x0000000093680000, 0x00000000d6e00000)
  object space 242176K, 77% used [0x0000000084a00000,0x00000000900b7580,0x0000000093680000)
 Metaspace       used 2682K, capacity 4496K, committed 4864K, reserved 1056768K
  class space    used 283K, capacity 388K, committed 512K, reserved 1048576K

